[0.012s] Invoking command in '/home/ddq2/interbotix_ws/build/robopoint_interfaces': CMAKE_PREFIX_PATH=${CMAKE_PREFIX_PATH}:/home/ddq2/interbotix_ws/install/image_projector:/home/ddq2/interbotix_ws/install/interbotix_xs_modules:/home/ddq2/interbotix_ws/install/interbotix_xs_sdk:/home/ddq2/interbotix_ws/install/interbotix_perception_modules:/home/ddq2/interbotix_ws/install/interbotix_perception_pipelines:/home/ddq2/interbotix_ws/install/interbotix_common_modules:/home/ddq2/realsense_ws/install/detection_visualizer:/home/ddq2/realsense_ws/install/distance_calculation:/opt/ros/humble _=/usr/bin/env /home/ddq2/.local/bin/cmake --build /home/ddq2/interbotix_ws/build/robopoint_interfaces -- -j16 -l16
[0.084s] -- Found ament_cmake: 1.3.11 (/opt/ros/humble/share/ament_cmake/cmake)
[0.233s] -- Found ament_lint_auto: 0.12.11 (/opt/ros/humble/share/ament_lint_auto/cmake)
[0.277s] -- Found rosidl_default_generators: 1.2.0 (/opt/ros/humble/share/rosidl_default_generators/cmake)
[0.283s] -- Using all available rosidl_typesupport_c: rosidl_typesupport_fastrtps_c;rosidl_typesupport_introspection_c
[0.287s] -- Found rosidl_adapter: 3.1.6 (/opt/ros/humble/share/rosidl_adapter/cmake)
[0.318s] -- Using all available rosidl_typesupport_cpp: rosidl_typesupport_fastrtps_cpp;rosidl_typesupport_introspection_cpp
[0.518s] [31mCMake Error at /opt/ros/humble/share/rosidl_adapter/cmake/rosidl_adapt_interfaces.cmake:59 (message):
[0.518s]   execute_process(/usr/bin/python3 -m rosidl_adapter --package-name
[0.518s]   robopoint_interfaces --arguments-file
[0.518s]   /home/ddq2/interbotix_ws/build/robopoint_interfaces/rosidl_adapter__arguments__robopoint_interfaces.json
[0.518s]   --output-dir
[0.518s]   /home/ddq2/interbotix_ws/build/robopoint_interfaces/rosidl_adapter/robopoint_interfaces
[0.518s]   --output-file
[0.518s]   /home/ddq2/interbotix_ws/build/robopoint_interfaces/rosidl_adapter/robopoint_interfaces.idls)
[0.518s]   returned error code 1:
[0.518s] 
[0.518s]   Error processing 'int x' of 'robopoint_interfaces/MoveToPoint_Request':
[0.518s]   ''int' is an invalid message name.  It should have the pattern
[0.518s]   '^[A-Z][A-Za-z0-9]*$''
[0.518s] 
[0.518s]   Traceback (most recent call last):
[0.518s] 
[0.518s]     File "/usr/lib/python3.10/runpy.py", line 196, in _run_module_as_main
[0.518s]       return _run_code(code, main_globals, None,
[0.518s]     File "/usr/lib/python3.10/runpy.py", line 86, in _run_code
[0.518s]       exec(code, run_globals)
[0.518s]     File "/opt/ros/humble/local/lib/python3.10/dist-packages/rosidl_adapter/__main__.py", line 19, in <module>
[0.518s]       sys.exit(main())
[0.518s]     File "/opt/ros/humble/local/lib/python3.10/dist-packages/rosidl_adapter/main.py", line 53, in main
[0.518s]       abs_idl_file = convert_to_idl(
[0.518s]     File "/opt/ros/humble/local/lib/python3.10/dist-packages/rosidl_adapter/__init__.py", line 24, in convert_to_idl
[0.518s]       return convert_srv_to_idl(
[0.518s]     File "/opt/ros/humble/local/lib/python3.10/dist-packages/rosidl_adapter/srv/__init__.py", line 28, in convert_srv_to_idl
[0.518s]       srv = parse_service_string(package_name, input_file.stem, content)
[0.518s]     File "/opt/ros/humble/local/lib/python3.10/dist-packages/rosidl_adapter/parser.py", line 859, in parse_service_string
[0.519s]       request_message = parse_message_string(
[0.519s]     File "/opt/ros/humble/local/lib/python3.10/dist-packages/rosidl_adapter/parser.py", line 520, in parse_message_string
[0.519s]       Type(type_string, context_package_name=pkg_name),
[0.519s]     File "/opt/ros/humble/local/lib/python3.10/dist-packages/rosidl_adapter/parser.py", line 277, in __init__
[0.519s]       super(Type, self).__init__(
[0.519s]     File "/opt/ros/humble/local/lib/python3.10/dist-packages/rosidl_adapter/parser.py", line 205, in __init__
[0.519s]       raise InvalidResourceName(
[0.519s] 
[0.519s]   rosidl_adapter.parser.InvalidResourceName: 'int' is an invalid message
[0.519s]   name.  It should have the pattern '^[A-Z][A-Za-z0-9]*$'
[0.519s] 
[0.519s] Call Stack (most recent call first):
[0.519s]   /opt/ros/humble/share/rosidl_cmake/cmake/rosidl_generate_interfaces.cmake:130 (rosidl_adapt_interfaces)
[0.519s]   CMakeLists.txt:28 (rosidl_generate_interfaces)
[0.519s] 
[0.519s] [0m
[0.519s] -- Configuring incomplete, errors occurred!
[0.523s] gmake: *** [Makefile:747: cmake_check_build_system] Error 1
[0.532s] Invoked command in '/home/ddq2/interbotix_ws/build/robopoint_interfaces' returned '2': CMAKE_PREFIX_PATH=${CMAKE_PREFIX_PATH}:/home/ddq2/interbotix_ws/install/image_projector:/home/ddq2/interbotix_ws/install/interbotix_xs_modules:/home/ddq2/interbotix_ws/install/interbotix_xs_sdk:/home/ddq2/interbotix_ws/install/interbotix_perception_modules:/home/ddq2/interbotix_ws/install/interbotix_perception_pipelines:/home/ddq2/interbotix_ws/install/interbotix_common_modules:/home/ddq2/realsense_ws/install/detection_visualizer:/home/ddq2/realsense_ws/install/distance_calculation:/opt/ros/humble _=/usr/bin/env /home/ddq2/.local/bin/cmake --build /home/ddq2/interbotix_ws/build/robopoint_interfaces -- -j16 -l16
